<?xml version="1.0" encoding="UTF-8"?>
<testng-results ignored="0" total="1" passed="1" failed="0" skipped="0">
  <reporter-output>
    <line>
      <![CDATA[Current Date  : 15/04/2026]]>
    </line>
    <line>
      <![CDATA[****************Setting up reports and Test is getting ready*****************]]>
    </line>
    <line>
      <![CDATA[Verify Account Registration Functionality]]>
    </line>
    <line>
      <![CDATA[Create and Verify Customer Account]]>
    </line>
    <line>
      <![CDATA[*******************************Test is about to end****************************************************]]>
    </line>
    <line>
      <![CDATA[afterTest method elseif block-SUCCESS]]>
    </line>
    <line>
      <![CDATA[*******************************Test completed >> Reports Generated >> Report Project Path is C:\Users\Lenovo\eclipse-workspace\OpenCart]]>
    </line>
  </reporter-output>
  <suite started-at="2026-04-15T00:17:26 IST" name="Surefire suite" finished-at="2026-04-15T00:17:33 IST" duration-ms="7139">
    <groups>
    </groups>
    <test started-at="2026-04-15T00:17:26 IST" name="Surefire test" finished-at="2026-04-15T00:17:33 IST" duration-ms="7139">
      <class name="testCases.TC001_AccountRegistrationTest">
        <test-method is-config="true" signature="setUpSuite(org.testng.ITestContext)[pri:0, instance:testCases.TC001_AccountRegistrationTest@60df60da]" started-at="2026-04-15T00:17:26 IST" name="setUpSuite" finished-at="2026-04-15T00:17:26 IST" duration-ms="279" status="PASS">
          <params>
            <param index="0">
              <value>
                <![CDATA[org.testng.TestRunner@46a953cf]]>
              </value>
            </param>
          </params>
          <reporter-output>
            <line>
              <![CDATA[Current Date  : 15/04/2026]]>
            </line>
            <line>
              <![CDATA[****************Setting up reports and Test is getting ready*****************]]>
            </line>
          </reporter-output>
        </test-method> <!-- setUpSuite -->
        <test-method is-config="true" signature="setup(java.lang.String,java.lang.String)[pri:0, instance:testCases.TC001_AccountRegistrationTest@60df60da]" started-at="2026-04-15T00:17:26 IST" name="setup" finished-at="2026-04-15T00:17:30 IST" duration-ms="3659" status="PASS">
          <params>
            <param index="0">
              <value>
                <![CDATA[windows]]>
              </value>
            </param>
            <param index="1">
              <value>
                <![CDATA[chrome]]>
              </value>
            </param>
          </params>
          <reporter-output>
          </reporter-output>
        </test-method> <!-- setup -->
        <test-method signature="verify_account_registration()[pri:0, instance:testCases.TC001_AccountRegistrationTest@60df60da]" started-at="2026-04-15T00:17:30 IST" name="verify_account_registration" finished-at="2026-04-15T00:17:32 IST" duration-ms="2498" status="PASS">
          <reporter-output>
            <line>
              <![CDATA[Verify Account Registration Functionality]]>
            </line>
            <line>
              <![CDATA[Create and Verify Customer Account]]>
            </line>
          </reporter-output>
        </test-method> <!-- verify_account_registration -->
        <test-method is-config="true" signature="afterTest(org.testng.ITestResult)[pri:0, instance:testCases.TC001_AccountRegistrationTest@60df60da]" started-at="2026-04-15T00:17:32 IST" name="afterTest" finished-at="2026-04-15T00:17:33 IST" duration-ms="454" status="PASS">
          <params>
            <param index="0">
              <value>
                <![CDATA[[TestResult name=verify_account_registration status=SUCCESS method=TC001_AccountRegistrationTest.verify_account_registration()[pri:0, instance:testCases.TC001_AccountRegistrationTest@60df60da] output=Verify Account Registration Functionality]]]>
              </value>
            </param>
          </params>
          <reporter-output>
            <line>
              <![CDATA[*******************************Test is about to end****************************************************]]>
            </line>
            <line>
              <![CDATA[afterTest method elseif block-SUCCESS]]>
            </line>
            <line>
              <![CDATA[*******************************Test completed >> Reports Generated >> Report Project Path is C:\Users\Lenovo\eclipse-workspace\OpenCart]]>
            </line>
          </reporter-output>
        </test-method> <!-- afterTest -->
        <test-method is-config="true" signature="tearDown()[pri:0, instance:testCases.TC001_AccountRegistrationTest@60df60da]" started-at="2026-04-15T00:17:33 IST" name="tearDown" finished-at="2026-04-15T00:17:33 IST" duration-ms="465" status="PASS">
          <reporter-output>
          </reporter-output>
        </test-method> <!-- tearDown -->
      </class> <!-- testCases.TC001_AccountRegistrationTest -->
    </test> <!-- Surefire test -->
  </suite> <!-- Surefire suite -->
</testng-results>
