<?xml version="1.0" encoding="UTF-8"?>
<testng-results ignored="0" total="1" passed="0" failed="1" skipped="0">
  <reporter-output>
    <line>
      <![CDATA[*******************************Test is about to end****************************************************]]>
    </line>
    <line>
      <![CDATA[afterTest method if block-failure]]>
    </line>
    <line>
      <![CDATA[Exception in afterTest: Cannot invoke "com.aventstack.extentreports.ExtentTest.fail(String, com.aventstack.extentreports.MediaEntityModelProvider)" because "testBase.BaseClass.extentTest" is null]]>
    </line>
    <line>
      <![CDATA[*******************************Test completed >> Reports Generated >> Report Project Path is C:\Users\Lenovo\eclipse-workspace\OpenCart]]>
    </line>
  </reporter-output>
  <suite started-at="2026-02-12T00:28:17 IST" name="Suite" finished-at="2026-02-12T00:28:24 IST" duration-ms="7108">
    <groups>
    </groups>
    <test started-at="2026-02-12T00:28:17 IST" name="Test" finished-at="2026-02-12T00:28:24 IST" duration-ms="7108">
      <class name="testCases.TC001_AccountRegistrationTest">
        <test-method is-config="true" signature="setup(java.lang.String,java.lang.String)[pri:0, instance:testCases.TC001_AccountRegistrationTest@28ec166e]" started-at="2026-02-12T00:28:17 IST" name="setup" finished-at="2026-02-12T00:28:23 IST" duration-ms="5952" status="PASS">
          <params>
            <param index="0">
              <value>
                <![CDATA[Windows]]>
              </value>
            </param>
            <param index="1">
              <value>
                <![CDATA[chrome]]>
              </value>
            </param>
          </params>
          <reporter-output>
          </reporter-output>
        </test-method> <!-- setup -->
        <test-method signature="verify_account_registration()[pri:0, instance:testCases.TC001_AccountRegistrationTest@28ec166e]" started-at="2026-02-12T00:28:23 IST" name="verify_account_registration" finished-at="2026-02-12T00:28:23 IST" duration-ms="39" status="FAIL">
          <exception class="java.lang.NullPointerException">
            <message>
              <![CDATA[Cannot invoke "com.aventstack.extentreports.ExtentReports.createTest(String)" because "testCases.TC001_AccountRegistrationTest.extentReports" is null]]>
            </message>
            <full-stacktrace>
              <![CDATA[java.lang.NullPointerException: Cannot invoke "com.aventstack.extentreports.ExtentReports.createTest(String)" because "testCases.TC001_AccountRegistrationTest.extentReports" is null
at testCases.TC001_AccountRegistrationTest.verify_account_registration(TC001_AccountRegistrationTest.java:18)
at java.base/jdk.internal.reflect.DirectMethodHandleAccessor.invoke(DirectMethodHandleAccessor.java:103)
at java.base/java.lang.reflect.Method.invoke(Method.java:580)
at org.testng.internal.invokers.MethodInvocationHelper.invokeMethod(MethodInvocationHelper.java:139)
at org.testng.internal.invokers.TestInvoker.invokeMethod(TestInvoker.java:677)
at org.testng.internal.invokers.TestInvoker.invokeTestMethod(TestInvoker.java:221)
at org.testng.internal.invokers.MethodRunner.runInSequence(MethodRunner.java:50)
at org.testng.internal.invokers.TestInvoker$MethodInvocationAgent.invoke(TestInvoker.java:962)
at org.testng.internal.invokers.TestInvoker.invokeTestMethods(TestInvoker.java:194)
at org.testng.internal.invokers.TestMethodWorker.invokeTestMethods(TestMethodWorker.java:148)
at org.testng.internal.invokers.TestMethodWorker.run(TestMethodWorker.java:128)
at java.base/java.util.ArrayList.forEach(ArrayList.java:1597)
at org.testng.TestRunner.privateRun(TestRunner.java:806)
at org.testng.TestRunner.run(TestRunner.java:601)
at org.testng.SuiteRunner.runTest(SuiteRunner.java:433)
at org.testng.SuiteRunner.runSequentially(SuiteRunner.java:427)
at org.testng.SuiteRunner.privateRun(SuiteRunner.java:387)
at org.testng.SuiteRunner.run(SuiteRunner.java:330)
at org.testng.SuiteRunnerWorker.runSuite(SuiteRunnerWorker.java:52)
at org.testng.SuiteRunnerWorker.run(SuiteRunnerWorker.java:95)
at org.testng.TestNG.runSuitesSequentially(TestNG.java:1256)
at org.testng.TestNG.runSuitesLocally(TestNG.java:1176)
at org.testng.TestNG.runSuites(TestNG.java:1099)
at org.testng.TestNG.run(TestNG.java:1067)
at org.testng.remote.AbstractRemoteTestNG.run(AbstractRemoteTestNG.java:115)
at org.testng.remote.RemoteTestNG.initAndRun(RemoteTestNG.java:293)
at org.testng.remote.RemoteTestNG.main(RemoteTestNG.java:91)
]]>
            </full-stacktrace>
          </exception> <!-- java.lang.NullPointerException -->
          <reporter-output>
          </reporter-output>
        </test-method> <!-- verify_account_registration -->
        <test-method is-config="true" signature="afterTest(org.testng.ITestResult)[pri:0, instance:testCases.TC001_AccountRegistrationTest@28ec166e]" started-at="2026-02-12T00:28:23 IST" name="afterTest" finished-at="2026-02-12T00:28:24 IST" duration-ms="840" status="PASS">
          <params>
            <param index="0">
              <value>
                <![CDATA[[TestResult name=verify_account_registration status=FAILURE method=TC001_AccountRegistrationTest.verify_account_registration()[pri:0, instance:testCases.TC001_AccountRegistrationTest@28ec166e] output={null}]]]>
              </value>
            </param>
          </params>
          <reporter-output>
            <line>
              <![CDATA[*******************************Test is about to end****************************************************]]>
            </line>
            <line>
              <![CDATA[afterTest method if block-failure]]>
            </line>
            <line>
              <![CDATA[Exception in afterTest: Cannot invoke "com.aventstack.extentreports.ExtentTest.fail(String, com.aventstack.extentreports.MediaEntityModelProvider)" because "testBase.BaseClass.extentTest" is null]]>
            </line>
            <line>
              <![CDATA[*******************************Test completed >> Reports Generated >> Report Project Path is C:\Users\Lenovo\eclipse-workspace\OpenCart]]>
            </line>
          </reporter-output>
        </test-method> <!-- afterTest -->
      </class> <!-- testCases.TC001_AccountRegistrationTest -->
    </test> <!-- Test -->
  </suite> <!-- Suite -->
</testng-results>
