<?xml version="1.0" encoding="UTF-8"?>
<testng-results ignored="0" total="1" passed="0" failed="1" skipped="0">
  <reporter-output>
    <line>
      <![CDATA[Current Date  : 15/04/2026]]>
    </line>
    <line>
      <![CDATA[****************Setting up reports and Test is getting ready*****************]]>
    </line>
    <line>
      <![CDATA[Verify Account Registration Functionality]]>
    </line>
    <line>
      <![CDATA[Create and Verify Customer Account]]>
    </line>
    <line>
      <![CDATA[*******************************Test is about to end****************************************************]]>
    </line>
    <line>
      <![CDATA[afterTest method if block-failure]]>
    </line>
    <line>
      <![CDATA[*******************************Test completed >> Reports Generated >> Report Project Path is C:\Users\Lenovo\eclipse-workspace\OpenCart]]>
    </line>
  </reporter-output>
  <suite started-at="2026-04-15T00:01:00 IST" name="Default suite" finished-at="2026-04-15T00:01:06 IST" duration-ms="5431">
    <groups>
    </groups>
    <test started-at="2026-04-15T00:01:00 IST" name="Default test" finished-at="2026-04-15T00:01:06 IST" duration-ms="5431">
      <class name="testCases.TC001_AccountRegistrationTest">
        <test-method is-config="true" signature="setUpSuite(org.testng.ITestContext)[pri:0, instance:testCases.TC001_AccountRegistrationTest@4879dfad]" started-at="2026-04-15T00:01:00 IST" name="setUpSuite" finished-at="2026-04-15T00:01:00 IST" duration-ms="469" status="PASS">
          <params>
            <param index="0">
              <value>
                <![CDATA[org.testng.TestRunner@670d4d38]]>
              </value>
            </param>
          </params>
          <reporter-output>
            <line>
              <![CDATA[Current Date  : 15/04/2026]]>
            </line>
            <line>
              <![CDATA[****************Setting up reports and Test is getting ready*****************]]>
            </line>
          </reporter-output>
        </test-method> <!-- setUpSuite -->
        <test-method is-config="true" signature="setup()[pri:0, instance:testCases.TC001_AccountRegistrationTest@4879dfad]" started-at="2026-04-15T00:01:01 IST" name="setup" finished-at="2026-04-15T00:01:05 IST" duration-ms="4277" status="PASS">
          <reporter-output>
          </reporter-output>
        </test-method> <!-- setup -->
        <test-method signature="verify_account_registration()[pri:0, instance:testCases.TC001_AccountRegistrationTest@4879dfad]" started-at="2026-04-15T00:01:05 IST" name="verify_account_registration" finished-at="2026-04-15T00:01:05 IST" duration-ms="219" status="FAIL">
          <exception class="java.lang.NullPointerException">
            <message>
              <![CDATA[Cannot invoke "org.openqa.selenium.SearchContext.findElement(org.openqa.selenium.By)" because "this.searchContext" is null]]>
            </message>
            <full-stacktrace>
              <![CDATA[java.lang.NullPointerException: Cannot invoke "org.openqa.selenium.SearchContext.findElement(org.openqa.selenium.By)" because "this.searchContext" is null
at org.openqa.selenium.support.pagefactory.DefaultElementLocator.findElement(DefaultElementLocator.java:68)
at org.openqa.selenium.support.pagefactory.internal.LocatingElementHandler.invoke(LocatingElementHandler.java:38)
at jdk.proxy2/jdk.proxy2.$Proxy15.click(Unknown Source)
at pageObjects.HomePage.clickMyAccount(HomePage.java:33)
at testPages.HomePageMethod.createAndVerifyCustomerAccount(HomePageMethod.java:27)
at testCases.TC001_AccountRegistrationTest.verify_account_registration(TC001_AccountRegistrationTest.java:26)
at java.base/jdk.internal.reflect.DirectMethodHandleAccessor.invoke(DirectMethodHandleAccessor.java:103)
at java.base/java.lang.reflect.Method.invoke(Method.java:580)
at org.testng.internal.invokers.MethodInvocationHelper.invokeMethod(MethodInvocationHelper.java:139)
at org.testng.internal.invokers.TestInvoker.invokeMethod(TestInvoker.java:677)
at org.testng.internal.invokers.TestInvoker.invokeTestMethod(TestInvoker.java:221)
at org.testng.internal.invokers.MethodRunner.runInSequence(MethodRunner.java:50)
at org.testng.internal.invokers.TestInvoker$MethodInvocationAgent.invoke(TestInvoker.java:962)
at org.testng.internal.invokers.TestInvoker.invokeTestMethods(TestInvoker.java:194)
at org.testng.internal.invokers.TestMethodWorker.invokeTestMethods(TestMethodWorker.java:148)
at org.testng.internal.invokers.TestMethodWorker.run(TestMethodWorker.java:128)
at java.base/java.util.ArrayList.forEach(ArrayList.java:1597)
at org.testng.TestRunner.privateRun(TestRunner.java:806)
at org.testng.TestRunner.run(TestRunner.java:601)
at org.testng.SuiteRunner.runTest(SuiteRunner.java:433)
at org.testng.SuiteRunner.runSequentially(SuiteRunner.java:427)
at org.testng.SuiteRunner.privateRun(SuiteRunner.java:387)
at org.testng.SuiteRunner.run(SuiteRunner.java:330)
at org.testng.SuiteRunnerWorker.runSuite(SuiteRunnerWorker.java:52)
at org.testng.SuiteRunnerWorker.run(SuiteRunnerWorker.java:95)
at org.testng.TestNG.runSuitesSequentially(TestNG.java:1256)
at org.testng.TestNG.runSuitesLocally(TestNG.java:1176)
at org.testng.TestNG.runSuites(TestNG.java:1099)
at org.testng.TestNG.run(TestNG.java:1067)
at org.testng.remote.AbstractRemoteTestNG.run(AbstractRemoteTestNG.java:115)
at org.testng.remote.RemoteTestNG.initAndRun(RemoteTestNG.java:293)
at org.testng.remote.RemoteTestNG.main(RemoteTestNG.java:91)
]]>
            </full-stacktrace>
          </exception> <!-- java.lang.NullPointerException -->
          <reporter-output>
            <line>
              <![CDATA[Verify Account Registration Functionality]]>
            </line>
            <line>
              <![CDATA[Create and Verify Customer Account]]>
            </line>
          </reporter-output>
        </test-method> <!-- verify_account_registration -->
        <test-method is-config="true" signature="afterTest(org.testng.ITestResult)[pri:0, instance:testCases.TC001_AccountRegistrationTest@4879dfad]" started-at="2026-04-15T00:01:05 IST" name="afterTest" finished-at="2026-04-15T00:01:06 IST" duration-ms="790" status="PASS">
          <params>
            <param index="0">
              <value>
                <![CDATA[[TestResult name=verify_account_registration status=FAILURE method=TC001_AccountRegistrationTest.verify_account_registration()[pri:0, instance:testCases.TC001_AccountRegistrationTest@4879dfad] output=Verify Account Registration Functionality]]]>
              </value>
            </param>
          </params>
          <reporter-output>
            <line>
              <![CDATA[*******************************Test is about to end****************************************************]]>
            </line>
            <line>
              <![CDATA[afterTest method if block-failure]]>
            </line>
            <line>
              <![CDATA[*******************************Test completed >> Reports Generated >> Report Project Path is C:\Users\Lenovo\eclipse-workspace\OpenCart]]>
            </line>
          </reporter-output>
        </test-method> <!-- afterTest -->
      </class> <!-- testCases.TC001_AccountRegistrationTest -->
    </test> <!-- Default test -->
  </suite> <!-- Default suite -->
</testng-results>
