<?xml version="1.0" encoding="UTF-8"?>
<!-- Generated by org.testng.reporters.JUnitReportReporter -->
<testsuite hostname="DESKTOP-2N7K4L6" failures="0" tests="1" name="testCases.TC001_AccountRegistrationTest" time="2.952" errors="0" timestamp="2026-04-15T00:17:34 IST" skipped="0">
  <testcase classname="testCases.TC001_AccountRegistrationTest" name="verify_account_registration" time="2.952"/>
  <system-out>
    <![CDATA[Verify Account Registration Functionality
Create and Verify Customer Account]]>
  </system-out>
</testsuite> <!-- testCases.TC001_AccountRegistrationTest -->
